Using pre-set license
Built from '2020.2/release' branch; Version is '2020.2.4f1 (becced5a802b) revision 12504301'; Using compiler version '192528614'; Build Type 'Release'
OS: 'Windows 10 Pro; OS build 19042.906; Version 2009; 64bit' Language: 'en' Physical Memory: 8131 MB
BatchMode: 1, IsHumanControllingUs: 0, StartBugReporterOnCrash: 0, Is64bit: 1, IsPro: 0

 COMMAND LINE ARGUMENTS:
C:\Program Files\Unity\Hub\Editor\2020.2.4f1\Editor\Unity.exe
-adb2
-batchMode
-noUpm
-name
AssetImportWorker0
-projectPath
C:/Users/aaron/Documents/GitHub/City-Building-Game/City-Building Game
-logFile
Logs/AssetImportWorker0.log
-srvPort
57412
Successfully changed project path to: C:/Users/aaron/Documents/GitHub/City-Building-Game/City-Building Game
C:/Users/aaron/Documents/GitHub/City-Building-Game/City-Building Game
Using Asset Import Pipeline V2.
Refreshing native plugins compatible for Editor in 39.41 ms, found 0 plugins.
Preloading 0 native plugins for Editor in 0.00 ms.
Initialize engine version: 2020.2.4f1 (becced5a802b)
[Subsystems] Discovering subsystems at path C:/Program Files/Unity/Hub/Editor/2020.2.4f1/Editor/Data/Resources/UnitySubsystems
[Subsystems] Discovering subsystems at path C:/Users/aaron/Documents/GitHub/City-Building-Game/City-Building Game/Assets
GfxDevice: creating device client; threaded=0
Direct3D:
    Version:  Direct3D 11.0 [level 11.1]
    Renderer: NVIDIA GeForce GTX 960 (ID=0x1401)
    Vendor:   
    VRAM:     2007 MB
    Driver:   27.21.14.6192
Initialize mono
Mono path[0] = 'C:/Program Files/Unity/Hub/Editor/2020.2.4f1/Editor/Data/Managed'
Mono path[1] = 'C:/Program Files/Unity/Hub/Editor/2020.2.4f1/Editor/Data/MonoBleedingEdge/lib/mono/unityjit'
Mono config path = 'C:/Program Files/Unity/Hub/Editor/2020.2.4f1/Editor/Data/MonoBleedingEdge/etc'
Using monoOptions --debugger-agent=transport=dt_socket,embedding=1,server=y,suspend=n,address=127.0.0.1:56256
Begin MonoManager ReloadAssembly
Registering precompiled unity dll's ...
Register platform support module: C:/Program Files/Unity/Hub/Editor/2020.2.4f1/Editor/Data/PlaybackEngines/WebGLSupport/UnityEditor.WebGL.Extensions.dll
Register platform support module: C:/Program Files/Unity/Hub/Editor/2020.2.4f1/Editor/Data/PlaybackEngines/WindowsStandaloneSupport/UnityEditor.WindowsStandalone.Extensions.dll
Registered in 0.006782 seconds.
Native extension for WindowsStandalone target not found
Native extension for WebGL target not found
Refreshing native plugins compatible for Editor in 29.64 ms, found 0 plugins.
Preloading 0 native plugins for Editor in 0.00 ms.
Invoked RoslynAnalysisRunner static constructor.
RoslynAnalysisRunner will not be running.
RoslynAnalysisRunner has terminated.
Mono: successfully reloaded assembly
- Completed reload, in  1.750 seconds
Platform modules already initialized, skipping
Registering precompiled user dll's ...
Registered in 0.000929 seconds.
Begin MonoManager ReloadAssembly
Native extension for WindowsStandalone target not found
Native extension for WebGL target not found
Refreshing native plugins compatible for Editor in 0.69 ms, found 0 plugins.
Preloading 0 native plugins for Editor in 0.00 ms.
Invoked RoslynAnalysisRunner static constructor.
RoslynAnalysisRunner will not be running.
RoslynAnalysisRunner has terminated.
Mono: successfully reloaded assembly
- Completed reload, in  1.096 seconds
Platform modules already initialized, skipping
========================================================================
Worker process is ready to serve import requests
Launched and connected shader compiler UnityShaderCompiler.exe after 0.08 seconds
Refreshing native plugins compatible for Editor in 0.24 ms, found 0 plugins.
Preloading 0 native plugins for Editor in 0.00 ms.
Unloading 1110 Unused Serialized files (Serialized files now loaded: 0)
System memory in use before: 56.9 MB.
System memory in use after: 56.9 MB.

Unloading 10 unused Assets to reduce memory usage. Loaded Objects now: 1551.
Total: 2.397400 ms (FindLiveObjects: 0.190200 ms CreateObjectMapping: 0.081800 ms MarkObjects: 2.003900 ms  DeleteObjects: 0.120100 ms)

========================================================================
Received Import Request.
  path: Assets/Scripts/New Lighting Settings.lighting
  artifactKey: Guid(19bc6ba9ae09ddd43a2999c6ab93f25f) Importer(815301076,1909f56bfc062723c751e8b465ee728b)
Start importing Assets/Scripts/New Lighting Settings.lighting using Guid(19bc6ba9ae09ddd43a2999c6ab93f25f) Importer(815301076,1909f56bfc062723c751e8b465ee728b)  -> (artifact id: 'cf19dfc9af5e4ed7dc914e95048bd4d3') in 0.042484 seconds
  Import took 0.044917 seconds .

========================================================================
Received Import Request.
  Time since last request: 23.924157 seconds.
  path: Assets/Lighting
  artifactKey: Guid(189d90ad2abc0b84cb034db6d61dbcce) Importer(815301076,1909f56bfc062723c751e8b465ee728b)
Start importing Assets/Lighting using Guid(189d90ad2abc0b84cb034db6d61dbcce) Importer(815301076,1909f56bfc062723c751e8b465ee728b)  -> (artifact id: '503a7ad94d70724f73b52929afd7c133') in 0.013656 seconds
  Import took 0.018989 seconds .

========================================================================
Received Import Request.
  Time since last request: 24.928253 seconds.
  path: Assets/Materials/Barn.mat
  artifactKey: Guid(66288bb0ab3b40c45976b45447d82252) Importer(815301076,1909f56bfc062723c751e8b465ee728b)
Start importing Assets/Materials/Barn.mat using Guid(66288bb0ab3b40c45976b45447d82252) Importer(815301076,1909f56bfc062723c751e8b465ee728b)  -> (artifact id: 'fabd9f552546a66f3ea8acdbdf559cb6') in 0.103312 seconds
  Import took 0.106732 seconds .

========================================================================
Received Import Request.
  Time since last request: 0.000304 seconds.
  path: Assets/Materials/Factory.mat
  artifactKey: Guid(3ca8764ff600cb243abe47a687c428ce) Importer(815301076,1909f56bfc062723c751e8b465ee728b)
Start importing Assets/Materials/Factory.mat using Guid(3ca8764ff600cb243abe47a687c428ce) Importer(815301076,1909f56bfc062723c751e8b465ee728b)  -> (artifact id: 'bfcacd590c5259ebc88f26d0d3694aa5') in 0.025468 seconds
  Import took 0.028059 seconds .

========================================================================
Received Import Request.
  Time since last request: 0.000211 seconds.
  path: Assets/Materials/House.mat
  artifactKey: Guid(c4b8c8c30f8d8a0418adb4d45701da0a) Importer(815301076,1909f56bfc062723c751e8b465ee728b)
Start importing Assets/Materials/House.mat using Guid(c4b8c8c30f8d8a0418adb4d45701da0a) Importer(815301076,1909f56bfc062723c751e8b465ee728b)  -> (artifact id: 'e4001e878ede180debb4ed91379835ab') in 0.010834 seconds
  Import took 0.014759 seconds .

========================================================================
Received Import Request.
  Time since last request: 22.043066 seconds.
  path: Assets/Materials/Ground.mat
  artifactKey: Guid(0933f5896ea17e14887f1fba12db09c9) Importer(815301076,1909f56bfc062723c751e8b465ee728b)
Start importing Assets/Materials/Ground.mat using Guid(0933f5896ea17e14887f1fba12db09c9) Importer(815301076,1909f56bfc062723c751e8b465ee728b)  -> (artifact id: '7e697174f367fde82b19147b458483ad') in 0.031470 seconds
  Import took 0.034618 seconds .

========================================================================
Received Import Request.
  Time since last request: 90.533962 seconds.
  path: Assets/Materials/Ground.mat
  artifactKey: Guid(0933f5896ea17e14887f1fba12db09c9) Importer(815301076,1909f56bfc062723c751e8b465ee728b)
Start importing Assets/Materials/Ground.mat using Guid(0933f5896ea17e14887f1fba12db09c9) Importer(815301076,1909f56bfc062723c751e8b465ee728b)  -> (artifact id: '9f9e68be5d48c679f6c9f575c62a07d4') in 0.018177 seconds
  Import took 0.021008 seconds .

AssetImportWorkerClient::OnTransportError - code=2 error=End of file
